<?xml version="1.0" encoding="UTF-8"?>
<testsuite name="br.com.lucasladeira.ConsultaCepApiApplicationTests" tests="1" skipped="0" failures="0" errors="0" timestamp="2022-08-03T18:38:21" hostname="DESKTOP-KNTGS6A" time="0.562">
  <properties/>
  <testcase name="contextLoads()" classname="br.com.lucasladeira.ConsultaCepApiApplicationTests" time="0.562"/>
  <system-out><![CDATA[15:38:18.141 [Test worker] DEBUG org.springframework.test.context.BootstrapUtils - Instantiating CacheAwareContextLoaderDelegate from class [org.springframework.test.context.cache.DefaultCacheAwareContextLoaderDelegate]
15:38:18.157 [Test worker] DEBUG org.springframework.test.context.BootstrapUtils - Instantiating BootstrapContext using constructor [public org.springframework.test.context.support.DefaultBootstrapContext(java.lang.Class,org.springframework.test.context.CacheAwareContextLoaderDelegate)]
15:38:18.193 [Test worker] DEBUG org.springframework.test.context.BootstrapUtils - Instantiating TestContextBootstrapper for test class [br.com.lucasladeira.ConsultaCepApiApplicationTests] from class [org.springframework.boot.test.context.SpringBootTestContextBootstrapper]
15:38:18.209 [Test worker] INFO org.springframework.boot.test.context.SpringBootTestContextBootstrapper - Neither @ContextConfiguration nor @ContextHierarchy found for test class [br.com.lucasladeira.ConsultaCepApiApplicationTests], using SpringBootContextLoader
15:38:18.213 [Test worker] DEBUG org.springframework.test.context.support.AbstractContextLoader - Did not detect default resource location for test class [br.com.lucasladeira.ConsultaCepApiApplicationTests]: class path resource [br/com/lucasladeira/ConsultaCepApiApplicationTests-context.xml] does not exist
15:38:18.214 [Test worker] DEBUG org.springframework.test.context.support.AbstractContextLoader - Did not detect default resource location for test class [br.com.lucasladeira.ConsultaCepApiApplicationTests]: class path resource [br/com/lucasladeira/ConsultaCepApiApplicationTestsContext.groovy] does not exist
15:38:18.214 [Test worker] INFO org.springframework.test.context.support.AbstractContextLoader - Could not detect default resource locations for test class [br.com.lucasladeira.ConsultaCepApiApplicationTests]: no resource found for suffixes {-context.xml, Context.groovy}.
15:38:18.215 [Test worker] INFO org.springframework.test.context.support.AnnotationConfigContextLoaderUtils - Could not detect default configuration classes for test class [br.com.lucasladeira.ConsultaCepApiApplicationTests]: ConsultaCepApiApplicationTests does not declare any static, non-private, non-final, nested classes annotated with @Configuration.
15:38:18.266 [Test worker] DEBUG org.springframework.test.context.support.ActiveProfilesUtils - Could not find an 'annotation declaring class' for annotation type [org.springframework.test.context.ActiveProfiles] and class [br.com.lucasladeira.ConsultaCepApiApplicationTests]
15:38:18.349 [Test worker] DEBUG org.springframework.context.annotation.ClassPathScanningCandidateComponentProvider - Identified candidate component class: file [C:\Users\lucas\Documents\Projetos\API Consulta de CEP\consulta-cep-api\build\classes\kotlin\main\br\com\lucasladeira\ConsultaCepApiApplication.class]
15:38:18.352 [Test worker] INFO org.springframework.boot.test.context.SpringBootTestContextBootstrapper - Found @SpringBootConfiguration br.com.lucasladeira.ConsultaCepApiApplication for test class br.com.lucasladeira.ConsultaCepApiApplicationTests
15:38:18.478 [Test worker] DEBUG org.springframework.boot.test.context.SpringBootTestContextBootstrapper - @TestExecutionListeners is not present for class [br.com.lucasladeira.ConsultaCepApiApplicationTests]: using defaults.
15:38:18.479 [Test worker] INFO org.springframework.boot.test.context.SpringBootTestContextBootstrapper - Loaded default TestExecutionListener class names from location [META-INF/spring.factories]: [org.springframework.boot.test.autoconfigure.restdocs.RestDocsTestExecutionListener, org.springframework.boot.test.autoconfigure.web.client.MockRestServiceServerResetTestExecutionListener, org.springframework.boot.test.autoconfigure.web.servlet.MockMvcPrintOnlyOnFailureTestExecutionListener, org.springframework.boot.test.autoconfigure.web.servlet.WebDriverTestExecutionListener, org.springframework.boot.test.autoconfigure.webservices.client.MockWebServiceServerTestExecutionListener, org.springframework.boot.test.mock.mockito.MockitoTestExecutionListener, org.springframework.boot.test.mock.mockito.ResetMocksTestExecutionListener, org.springframework.test.context.web.ServletTestExecutionListener, org.springframework.test.context.support.DirtiesContextBeforeModesTestExecutionListener, org.springframework.test.context.event.ApplicationEventsTestExecutionListener, org.springframework.test.context.support.DependencyInjectionTestExecutionListener, org.springframework.test.context.support.DirtiesContextTestExecutionListener, org.springframework.test.context.transaction.TransactionalTestExecutionListener, org.springframework.test.context.jdbc.SqlScriptsTestExecutionListener, org.springframework.test.context.event.EventPublishingTestExecutionListener]
15:38:18.494 [Test worker] DEBUG org.springframework.boot.test.context.SpringBootTestContextBootstrapper - Skipping candidate TestExecutionListener [org.springframework.test.context.transaction.TransactionalTestExecutionListener] due to a missing dependency. Specify custom listener classes or make the default listener classes and their required dependencies available. Offending class: [org/springframework/transaction/interceptor/TransactionAttributeSource]
15:38:18.494 [Test worker] DEBUG org.springframework.boot.test.context.SpringBootTestContextBootstrapper - Skipping candidate TestExecutionListener [org.springframework.test.context.jdbc.SqlScriptsTestExecutionListener] due to a missing dependency. Specify custom listener classes or make the default listener classes and their required dependencies available. Offending class: [org/springframework/transaction/interceptor/TransactionAttribute]
15:38:18.495 [Test worker] INFO org.springframework.boot.test.context.SpringBootTestContextBootstrapper - Using TestExecutionListeners: [org.springframework.test.context.web.ServletTestExecutionListener@28276e50, org.springframework.test.context.support.DirtiesContextBeforeModesTestExecutionListener@62e70ea3, org.springframework.test.context.event.ApplicationEventsTestExecutionListener@3efe7086, org.springframework.boot.test.mock.mockito.MockitoTestExecutionListener@675d8c96, org.springframework.boot.test.autoconfigure.SpringBootDependencyInjectionTestExecutionListener@741b3bc3, org.springframework.test.context.support.DirtiesContextTestExecutionListener@2ed3b1f5, org.springframework.test.context.event.EventPublishingTestExecutionListener@63648ee9, org.springframework.boot.test.autoconfigure.restdocs.RestDocsTestExecutionListener@68d6972f, org.springframework.boot.test.autoconfigure.web.client.MockRestServiceServerResetTestExecutionListener@45be7cd5, org.springframework.boot.test.autoconfigure.web.servlet.MockMvcPrintOnlyOnFailureTestExecutionListener@7651218e, org.springframework.boot.test.autoconfigure.web.servlet.WebDriverTestExecutionListener@3185fa6b, org.springframework.boot.test.autoconfigure.webservices.client.MockWebServiceServerTestExecutionListener@6d366c9b, org.springframework.boot.test.mock.mockito.ResetMocksTestExecutionListener@5b58ed3c]
15:38:18.501 [Test worker] DEBUG org.springframework.test.context.support.AbstractDirtiesContextTestExecutionListener - Before test class: context [DefaultTestContext@68759011 testClass = ConsultaCepApiApplicationTests, testInstance = [null], testMethod = [null], testException = [null], mergedContextConfiguration = [WebMergedContextConfiguration@7e242b4d testClass = ConsultaCepApiApplicationTests, locations = '{}', classes = '{class br.com.lucasladeira.ConsultaCepApiApplication}', contextInitializerClasses = '[]', activeProfiles = '{}', propertySourceLocations = '{}', propertySourceProperties = '{org.springframework.boot.test.context.SpringBootTestContextBootstrapper=true}', contextCustomizers = set[org.springframework.boot.test.autoconfigure.actuate.metrics.MetricsExportContextCustomizerFactory$DisableMetricExportContextCustomizer@5dcb4f5f, org.springframework.boot.test.autoconfigure.properties.PropertyMappingContextCustomizer@0, org.springframework.boot.test.autoconfigure.web.servlet.WebDriverContextCustomizerFactory$Customizer@5a18cd76, org.springframework.boot.test.context.filter.ExcludeFilterContextCustomizer@6995bf68, org.springframework.boot.test.json.DuplicateJsonObjectContextCustomizerFactory$DuplicateJsonObjectContextCustomizer@3e7dd664, org.springframework.boot.test.mock.mockito.MockitoContextCustomizer@0, org.springframework.boot.test.web.client.TestRestTemplateContextCustomizer@5d12a356, org.springframework.boot.test.context.SpringBootTestArgs@1, org.springframework.boot.test.context.SpringBootTestWebEnvironment@2b48a640], resourceBasePath = 'src/main/webapp', contextLoader = 'org.springframework.boot.test.context.SpringBootContextLoader', parent = [null]], attributes = map['org.springframework.test.context.web.ServletTestExecutionListener.activateListener' -> true]], class annotated with @DirtiesContext [false] with mode [null].

  .   ____          _            __ _ _
 /\\ / ___'_ __ _ _(_)_ __  __ _ \ \ \ \
( ( )\___ | '_ | '_| | '_ \/ _` | \ \ \ \
 \\/  ___)| |_)| | | | | || (_| |  ) ) ) )
  '  |____| .__|_| |_|_| |_\__, | / / / /
 =========|_|==============|___/=/_/_/_/
 :: Spring Boot ::                (v2.7.2)

2022-08-03 15:38:18.933  INFO 4460 --- [    Test worker] b.c.l.ConsultaCepApiApplicationTests     : Starting ConsultaCepApiApplicationTests using Java 17.0.1 on DESKTOP-KNTGS6A with PID 4460 (started by lucas in C:\Users\lucas\Documents\Projetos\API Consulta de CEP\consulta-cep-api)
2022-08-03 15:38:18.934  INFO 4460 --- [    Test worker] b.c.l.ConsultaCepApiApplicationTests     : The following 1 profile is active: "dev"
2022-08-03 15:38:21.557  INFO 4460 --- [    Test worker] b.c.l.ConsultaCepApiApplicationTests     : Started ConsultaCepApiApplicationTests in 3.014 seconds (JVM running for 4.321)
]]></system-out>
  <system-err><![CDATA[]]></system-err>
</testsuite>
